<?xml version="1.0" encoding="UTF-8"?>
<testsuite xmlns:xsi="http://www.w3.org/2001/XMLSchema-instance" xsi:noNamespaceSchemaLocation="https://maven.apache.org/surefire/maven-surefire-plugin/xsd/surefire-test-report-3.0.xsd" version="3.0" name="com.mycompany.ets_tarea_03.MiPrimerPrograma1Test" time="0.039" tests="5" errors="0" skipped="0" failures="2">
  <properties>
[...]
</properties>
  <testcase name="test1" classname="com.mycompany.ets_tarea_03.MiPrimerPrograma1Test" time="0.012">
    <system-out><![CDATA[10.0
]]></system-out>
  </testcase>
  <testcase name="test2" classname="com.mycompany.ets_tarea_03.MiPrimerPrograma1Test" time="0.001">
    <system-out><![CDATA[9.0
]]></system-out>
  </testcase>
  <testcase name="test3" classname="com.mycompany.ets_tarea_03.MiPrimerPrograma1Test" time="0.001">
    <system-out><![CDATA[15.0
]]></system-out>
  </testcase>
  <testcase name="test4" classname="com.mycompany.ets_tarea_03.MiPrimerPrograma1Test" time="0.005">
    <failure message="expected: &lt;10.0&gt; but was: &lt;7.0&gt;" type="org.opentest4j.AssertionFailedError"><![CDATA[org.opentest4j.AssertionFailedError: expected: <10.0> but was: <7.0>
	at org.junit.jupiter.api.AssertionFailureBuilder.build(AssertionFailureBuilder.java:151)
	at org.junit.jupiter.api.AssertionFailureBuilder.buildAndThrow(AssertionFailureBuilder.java:132)
	at org.junit.jupiter.api.AssertEquals.failNotEqual(AssertEquals.java:197)
	at org.junit.jupiter.api.AssertEquals.assertEquals(AssertEquals.java:86)
	at org.junit.jupiter.api.AssertEquals.assertEquals(AssertEquals.java:81)
	at org.junit.jupiter.api.Assertions.assertEquals(Assertions.java:1014)
	at com.mycompany.ets_tarea_03.MiPrimerPrograma1Test.test4(MiPrimerPrograma1Test.java:41)
	at java.base/java.lang.reflect.Method.invoke(Method.java:580)
	at java.base/java.util.ArrayList.forEach(ArrayList.java:1597)
	at java.base/java.util.ArrayList.forEach(ArrayList.java:1597)
]]></failure>
    <system-out><![CDATA[7.0
]]></system-out>
  </testcase>
  <testcase name="test5" classname="com.mycompany.ets_tarea_03.MiPrimerPrograma1Test" time="0.001">
    <failure message="expected: &lt;33.0&gt; but was: &lt;30.0&gt;" type="org.opentest4j.AssertionFailedError"><![CDATA[org.opentest4j.AssertionFailedError: expected: <33.0> but was: <30.0>
	at org.junit.jupiter.api.AssertionFailureBuilder.build(AssertionFailureBuilder.java:151)
	at org.junit.jupiter.api.AssertionFailureBuilder.buildAndThrow(AssertionFailureBuilder.java:132)
	at org.junit.jupiter.api.AssertEquals.failNotEqual(AssertEquals.java:197)
	at org.junit.jupiter.api.AssertEquals.assertEquals(AssertEquals.java:86)
	at org.junit.jupiter.api.AssertEquals.assertEquals(AssertEquals.java:81)
	at org.junit.jupiter.api.Assertions.assertEquals(Assertions.java:1014)
	at com.mycompany.ets_tarea_03.MiPrimerPrograma1Test.test5(MiPrimerPrograma1Test.java:47)
	at java.base/java.lang.reflect.Method.invoke(Method.java:580)
	at java.base/java.util.ArrayList.forEach(ArrayList.java:1597)
	at java.base/java.util.ArrayList.forEach(ArrayList.java:1597)
]]></failure>
    <system-out><![CDATA[30.0
]]></system-out>
  </testcase>
</testsuite>